  stdafx.cpp
  EGeometry2DTypes.cpp
  EInputManager.cpp
  EMatrix2x3.cpp
  ERigidBodyBox2D.cpp
  EPhysicsWorldBox2D.cpp
  ECamera2D.cpp
  SDLDebugRenderer2D.cpp
  SDLFrame.cpp
  ETimer_SDL.cpp
  EImmediateUI.cpp
  SDLWindow.cpp
  gl3w.c
  main.cpp
  App_Sandbox.cpp
  SandboxAgent.cpp
C:\DAE\GameplayProgramming\source\projects\Movement\Sandbox\SandboxAgent.cpp(65,45): warning C4244: 'argument': conversion from 'double' to 'float', possible loss of data
C:\DAE\GameplayProgramming\source\projects\Movement\Sandbox\SandboxAgent.cpp(68,28): warning C4244: 'argument': conversion from 'double' to 'float', possible loss of data
  App_CombinedSteering.cpp
  CombinedSteeringBehaviors.cpp
  App_Flocking.cpp
  Flock.cpp
C:\DAE\GameplayProgramming\source\projects\Movement\SteeringBehaviors\Flocking\Flock.cpp(287,25): warning C4018: '<': signed/unsigned mismatch
C:\DAE\GameplayProgramming\source\projects\Movement\SteeringBehaviors\Flocking\Flock.cpp(292,13): warning C4244: 'argument': conversion from 'const int' to 'float', possible loss of data
C:\DAE\GameplayProgramming\source\projects\Movement\SteeringBehaviors\Flocking\Flock.cpp(305,25): warning C4018: '<': signed/unsigned mismatch
C:\DAE\GameplayProgramming\source\projects\Movement\SteeringBehaviors\Flocking\Flock.cpp(310,13): warning C4244: 'argument': conversion from 'const int' to 'float', possible loss of data
  FlockingSteeringBehaviors.cpp
  Compiling...
  SpacePartitioning.cpp
  App_SteeringBehaviors.cpp
  Obstacle.cpp
  SteeringAgent.cpp
  SteeringBehaviors.cpp
  BaseAgent.cpp
  Generating code
  Previous IPDB not found, fall back to full compilation.
  All 1664 functions were compiled because no usable IPDB/IOBJ from previous compilation was found.
  Finished generating code
  GPP_Framework.vcxproj -> C:\DAE\GameplayProgramming\bin\Release\GPP_Framework.exe
  C:\DAE\GameplayProgramming\source\..\lib\SDL2.dll
  1 File(s) copied
